// 重构日志: fa82b0f9
// 同步 ID: 58aa9d1f @ Sat Jul 11 15:49:44 UTC 2026
// 重构日志: 6b31dece
// 重构日志: 8602bebe
// 重构日志: 50bac7a9
// 重构日志: 8c6bc02d
// 重构日志: de2d7db5
// 重构日志: ed5996d5
// 重构日志: e510f1f1
// 同步 ID: e6ab8793 @ Tue Jul 14 16:31:17 UTC 2026
// 重构日志: 6f1405f4
// 重构日志: 9d2d5876
// 同步 ID: 4802709f @ Wed Jul 15 12:22:55 UTC 2026
// 重构日志: d0c9debc
// 重构日志: 6b0d2f35
// 重构日志: 2d7da536
// 同步 ID: 8102ccc5 @ Fri Jul 17 00:12:49 UTC 2026
// 重构日志: cf81b6b6
// 重构日志: ec65ec89
// 同步 ID: dacc907f @ Sat Jul 18 03:48:48 UTC 2026
// 同步 ID: f09681f0 @ Sat Jul 18 08:59:37 UTC 2026
// 同步 ID: 0c045de6 @ Sun Jul 19 07:05:09 UTC 2026
// 重构日志: b927c62e
// 同步 ID: 544b6fff @ Sun Jul 19 16:00:58 UTC 2026
// 重构日志: ce7537e5
// 重构日志: 9c735d02
// 重构日志: e794b43c
// 重构日志: ac4cd13f
// 同步 ID: 5dd1528f @ Mon Jul 20 20:54:34 UTC 2026
// 同步 ID: 93eac8c0 @ Wed Jul 22 03:47:30 UTC 2026
